c:\users\joel\documents\github\at-simgame\project2\x64\debug\vc142.pdb
c:\users\joel\documents\github\at-simgame\project2\x64\debug\vc142.idb
c:\users\joel\documents\github\at-simgame\project2\x64\debug\timerclass.obj
c:\users\joel\documents\github\at-simgame\project2\x64\debug\textureshaderclass.obj
c:\users\joel\documents\github\at-simgame\project2\x64\debug\textureclass.obj
c:\users\joel\documents\github\at-simgame\project2\x64\debug\systemclass.obj
c:\users\joel\documents\github\at-simgame\project2\x64\debug\scenemanager.obj
c:\users\joel\documents\github\at-simgame\project2\x64\debug\scene.obj
c:\users\joel\documents\github\at-simgame\project2\x64\debug\modelclass.obj
c:\users\joel\documents\github\at-simgame\project2\x64\debug\main.obj
c:\users\joel\documents\github\at-simgame\project2\x64\debug\lightshaderclass.obj
c:\users\joel\documents\github\at-simgame\project2\x64\debug\lightclass.obj
c:\users\joel\documents\github\at-simgame\project2\x64\debug\inputclass.obj
c:\users\joel\documents\github\at-simgame\project2\x64\debug\graphicsclass.obj
c:\users\joel\documents\github\at-simgame\project2\x64\debug\gameobject.obj
c:\users\joel\documents\github\at-simgame\project2\x64\debug\d3dclass.obj
c:\users\joel\documents\github\at-simgame\project2\x64\debug\customer.obj
c:\users\joel\documents\github\at-simgame\project2\x64\debug\cubedemo.obj
c:\users\joel\documents\github\at-simgame\project2\x64\debug\colorshaderclass.obj
c:\users\joel\documents\github\at-simgame\project2\x64\debug\cameraclass.obj
c:\users\joel\documents\github\at-simgame\x64\debug\project2.ilk
c:\users\joel\documents\github\at-simgame\x64\debug\project2.exe
c:\users\joel\documents\github\at-simgame\x64\debug\project2.pdb
c:\users\joel\documents\github\at-simgame\project2\x64\debug\project2.tlog\cl.command.1.tlog
c:\users\joel\documents\github\at-simgame\project2\x64\debug\project2.tlog\cl.read.1.tlog
c:\users\joel\documents\github\at-simgame\project2\x64\debug\project2.tlog\cl.write.1.tlog
c:\users\joel\documents\github\at-simgame\project2\x64\debug\project2.tlog\link.command.1.tlog
c:\users\joel\documents\github\at-simgame\project2\x64\debug\project2.tlog\link.read.1.tlog
c:\users\joel\documents\github\at-simgame\project2\x64\debug\project2.tlog\link.write.1.tlog
